<?xml version="1.0" encoding="UTF-8"?>
<testng-results ignored="0" total="1" passed="1" failed="0" skipped="0">
  <reporter-output>
  </reporter-output>
  <suite started-at="2022-09-20T12:47:24 IST" name="Default suite" finished-at="2022-09-20T12:47:24 IST" duration-ms="88">
    <groups>
    </groups>
    <test started-at="2022-09-20T12:47:24 IST" name="Default test" finished-at="2022-09-20T12:47:24 IST" duration-ms="88">
      <class name="Practice.OrgTest">
        <test-method signature="orgTest()[pri:0, instance:Practice.OrgTest@60704c]" started-at="2022-09-20T12:47:24 IST" name="orgTest" finished-at="2022-09-20T12:47:24 IST" duration-ms="16" status="PASS">
          <reporter-output>
          </reporter-output>
        </test-method> <!-- orgTest -->
      </class> <!-- Practice.OrgTest -->
    </test> <!-- Default test -->
  </suite> <!-- Default suite -->
</testng-results>
